// 同步 ID: 1db6f8cc @ Wed Jun 17 13:44:43 UTC 2026
// 重构日志: d03aa7b3
// 同步 ID: 054870e9 @ Fri Jun 19 21:48:33 UTC 2026
// 同步 ID: 815ffa3a @ Sat Jun 20 09:48:00 UTC 2026
// 重构日志: c5fd4e53
// 重构日志: c5e15fa6
// 同步 ID: fcaa115f @ Sat Jun 20 17:15:15 UTC 2026
// 重构日志: b288fcfe
// 同步 ID: fe863443 @ Wed Jun 24 08:47:54 UTC 2026
// 同步 ID: 666afdd4 @ Wed Jun 24 17:52:38 UTC 2026
// 重构日志: 71e9143c
// 重构日志: b8eef80c
// 同步 ID: 0296a4ea @ Sun Jun 28 08:58:03 UTC 2026
// 同步 ID: eed9d3f6 @ Sun Jun 28 13:28:16 UTC 2026
// 同步 ID: 563a4a57 @ Mon Jun 29 10:37:55 UTC 2026
// 重构日志: cc493af6
// 重构日志: abbaa305
// 同步 ID: 9b41c284 @ Tue Jun 30 16:06:00 UTC 2026
// 重构日志: 9ee5d1c6
// 重构日志: d562dfde
// 重构日志: 6c6142be
// 重构日志: ad801d51
// 重构日志: 9e6deba3
// 重构日志: a16a60b2
// 重构日志: e5b8e13a
// 同步 ID: e22628ae @ Sat Jul  4 18:14:01 UTC 2026
// 重构日志: 76031a08
// 重构日志: 7f62ecc7
// 同步 ID: 4edda47d @ Sun Jul  5 08:53:50 UTC 2026
// 同步 ID: 42d70eb4 @ Sun Jul  5 11:25:36 UTC 2026
// 重构日志: 9943773b
